[2022-11-03 09:12:19] local.ERROR: The "--port8080" option does not exist. {"exception":"[object] (Symfony\\Component\\Console\\Exception\\RuntimeException(code: 0): The \"--port8080\" option does not exist. at /home/ec2-user/environment/blog/vendor/symfony/console/Input/ArgvInput.php:220)
[stacktrace]
#0 /home/ec2-user/environment/blog/vendor/symfony/console/Input/ArgvInput.php(149): Symfony\\Component\\Console\\Input\\ArgvInput->addLongOption()
#1 /home/ec2-user/environment/blog/vendor/symfony/console/Input/ArgvInput.php(82): Symfony\\Component\\Console\\Input\\ArgvInput->parseLongOption()
#2 /home/ec2-user/environment/blog/vendor/symfony/console/Input/ArgvInput.php(71): Symfony\\Component\\Console\\Input\\ArgvInput->parseToken()
#3 /home/ec2-user/environment/blog/vendor/symfony/console/Input/Input.php(55): Symfony\\Component\\Console\\Input\\ArgvInput->parse()
#4 /home/ec2-user/environment/blog/vendor/symfony/console/Command/Command.php(250): Symfony\\Component\\Console\\Input\\Input->bind()
#5 /home/ec2-user/environment/blog/vendor/laravel/framework/src/Illuminate/Console/Command.php(148): Symfony\\Component\\Console\\Command\\Command->run()
#6 /home/ec2-user/environment/blog/vendor/symfony/console/Application.php(1014): Illuminate\\Console\\Command->run()
#7 /home/ec2-user/environment/blog/vendor/symfony/console/Application.php(301): Symfony\\Component\\Console\\Application->doRunCommand()
#8 /home/ec2-user/environment/blog/vendor/symfony/console/Application.php(171): Symfony\\Component\\Console\\Application->doRun()
#9 /home/ec2-user/environment/blog/vendor/laravel/framework/src/Illuminate/Console/Application.php(102): Symfony\\Component\\Console\\Application->run()
#10 /home/ec2-user/environment/blog/vendor/laravel/framework/src/Illuminate/Foundation/Console/Kernel.php(155): Illuminate\\Console\\Application->run()
#11 /home/ec2-user/environment/blog/artisan(37): Illuminate\\Foundation\\Console\\Kernel->handle()
#12 {main}
"} 
[2022-11-19 18:55:03] local.ERROR: Trait "App\Http\Controllers\App\Models\Post" not found {"exception":"[object] (Symfony\\Component\\ErrorHandler\\Error\\FatalError(code: 0): Trait \"App\\Http\\Controllers\\App\\Models\\Post\" not found at /home/ec2-user/environment/blog/app/Http/Controllers/PostController.php:7)
[stacktrace]
#0 {main}
"} 
